<?xml version="1.0" encoding="UTF-8"?>
<testsuite xmlns:xsi="http://www.w3.org/2001/XMLSchema-instance" xsi:noNamespaceSchemaLocation="https://maven.apache.org/surefire/maven-surefire-plugin/xsd/surefire-test-report.xsd" name="org.example.ReadExcelTest" time="0.525" tests="2" errors="0" skipped="0" failures="0">
  <properties>
    <property name="java.specification.version" value="16"/>
    <property name="sun.jnu.encoding" value="UTF-8"/>
    <property name="java.class.path" value="/Users/rahul.pandey/IdeaProjects/ExcelDemo/target/test-classes:/Users/rahul.pandey/IdeaProjects/ExcelDemo/target/classes:/Users/rahul.pandey/.m2/repository/org/testng/testng/6.14.3/testng-6.14.3.jar:/Users/rahul.pandey/.m2/repository/com/beust/jcommander/1.72/jcommander-1.72.jar:/Users/rahul.pandey/.m2/repository/org/apache-extras/beanshell/bsh/2.0b6/bsh-2.0b6.jar:/Users/rahul.pandey/.m2/repository/org/apache/poi/poi/4.1.2/poi-4.1.2.jar:/Users/rahul.pandey/.m2/repository/commons-codec/commons-codec/1.13/commons-codec-1.13.jar:/Users/rahul.pandey/.m2/repository/org/apache/commons/commons-collections4/4.4/commons-collections4-4.4.jar:/Users/rahul.pandey/.m2/repository/org/apache/commons/commons-math3/3.6.1/commons-math3-3.6.1.jar:/Users/rahul.pandey/.m2/repository/com/zaxxer/SparseBitSet/1.2/SparseBitSet-1.2.jar:/Users/rahul.pandey/.m2/repository/org/apache/poi/poi-ooxml/4.1.2/poi-ooxml-4.1.2.jar:/Users/rahul.pandey/.m2/repository/org/apache/commons/commons-compress/1.19/commons-compress-1.19.jar:/Users/rahul.pandey/.m2/repository/com/github/virtuald/curvesapi/1.06/curvesapi-1.06.jar:/Users/rahul.pandey/.m2/repository/org/apache/poi/poi-ooxml-schemas/4.1.2/poi-ooxml-schemas-4.1.2.jar:/Users/rahul.pandey/.m2/repository/org/apache/xmlbeans/xmlbeans/3.1.0/xmlbeans-3.1.0.jar:"/>
    <property name="java.vm.vendor" value="Oracle Corporation"/>
    <property name="sun.arch.data.model" value="64"/>
    <property name="java.vendor.url" value="https://java.oracle.com/"/>
    <property name="os.name" value="Mac OS X"/>
    <property name="java.vm.specification.version" value="16"/>
    <property name="sun.java.launcher" value="SUN_STANDARD"/>
    <property name="user.country" value="GB"/>
    <property name="sun.boot.library.path" value="/Library/Java/JavaVirtualMachines/jdk-16.0.2.jdk/Contents/Home/lib"/>
    <property name="sun.java.command" value="/Users/rahul.pandey/IdeaProjects/ExcelDemo/target/surefire/surefirebooter4582902214283728719.jar /Users/rahul.pandey/IdeaProjects/ExcelDemo/target/surefire 2022-03-06T18-53-40_806-jvmRun1 surefire15944999987615166803tmp surefire_02401677685480853538tmp"/>
    <property name="jdk.debug" value="release"/>
    <property name="surefire.test.class.path" value="/Users/rahul.pandey/IdeaProjects/ExcelDemo/target/test-classes:/Users/rahul.pandey/IdeaProjects/ExcelDemo/target/classes:/Users/rahul.pandey/.m2/repository/org/testng/testng/6.14.3/testng-6.14.3.jar:/Users/rahul.pandey/.m2/repository/com/beust/jcommander/1.72/jcommander-1.72.jar:/Users/rahul.pandey/.m2/repository/org/apache-extras/beanshell/bsh/2.0b6/bsh-2.0b6.jar:/Users/rahul.pandey/.m2/repository/org/apache/poi/poi/4.1.2/poi-4.1.2.jar:/Users/rahul.pandey/.m2/repository/commons-codec/commons-codec/1.13/commons-codec-1.13.jar:/Users/rahul.pandey/.m2/repository/org/apache/commons/commons-collections4/4.4/commons-collections4-4.4.jar:/Users/rahul.pandey/.m2/repository/org/apache/commons/commons-math3/3.6.1/commons-math3-3.6.1.jar:/Users/rahul.pandey/.m2/repository/com/zaxxer/SparseBitSet/1.2/SparseBitSet-1.2.jar:/Users/rahul.pandey/.m2/repository/org/apache/poi/poi-ooxml/4.1.2/poi-ooxml-4.1.2.jar:/Users/rahul.pandey/.m2/repository/org/apache/commons/commons-compress/1.19/commons-compress-1.19.jar:/Users/rahul.pandey/.m2/repository/com/github/virtuald/curvesapi/1.06/curvesapi-1.06.jar:/Users/rahul.pandey/.m2/repository/org/apache/poi/poi-ooxml-schemas/4.1.2/poi-ooxml-schemas-4.1.2.jar:/Users/rahul.pandey/.m2/repository/org/apache/xmlbeans/xmlbeans/3.1.0/xmlbeans-3.1.0.jar:"/>
    <property name="sun.cpu.endian" value="little"/>
    <property name="user.home" value="/Users/rahul.pandey"/>
    <property name="user.language" value="en"/>
    <property name="java.specification.vendor" value="Oracle Corporation"/>
    <property name="java.version.date" value="2021-07-20"/>
    <property name="java.home" value="/Library/Java/JavaVirtualMachines/jdk-16.0.2.jdk/Contents/Home"/>
    <property name="file.separator" value="/"/>
    <property name="basedir" value="/Users/rahul.pandey/IdeaProjects/ExcelDemo"/>
    <property name="java.vm.compressedOopsMode" value="Zero based"/>
    <property name="line.separator" value="&#10;"/>
    <property name="java.vm.specification.vendor" value="Oracle Corporation"/>
    <property name="java.specification.name" value="Java Platform API Specification"/>
    <property name="surefire.real.class.path" value="/Users/rahul.pandey/IdeaProjects/ExcelDemo/target/surefire/surefirebooter4582902214283728719.jar"/>
    <property name="sun.management.compiler" value="HotSpot 64-Bit Tiered Compilers"/>
    <property name="java.runtime.version" value="16.0.2+7-67"/>
    <property name="user.name" value="rahul.pandey"/>
    <property name="path.separator" value=":"/>
    <property name="os.version" value="11.2"/>
    <property name="java.runtime.name" value="Java(TM) SE Runtime Environment"/>
    <property name="file.encoding" value="UTF-8"/>
    <property name="java.vm.name" value="Java HotSpot(TM) 64-Bit Server VM"/>
    <property name="localRepository" value="/Users/rahul.pandey/.m2/repository"/>
    <property name="java.vendor.url.bug" value="https://bugreport.java.com/bugreport/"/>
    <property name="java.io.tmpdir" value="/var/folders/32/xpq_hmzj0d532m0q3m4wf9j4cbptx_/T/"/>
    <property name="idea.version" value="2021.2"/>
    <property name="java.version" value="16.0.2"/>
    <property name="user.dir" value="/Users/rahul.pandey/IdeaProjects/ExcelDemo"/>
    <property name="os.arch" value="x86_64"/>
    <property name="java.vm.specification.name" value="Java Virtual Machine Specification"/>
    <property name="java.library.path" value="/Users/rahul.pandey/Library/Java/Extensions:/Library/Java/Extensions:/Network/Library/Java/Extensions:/System/Library/Java/Extensions:/usr/lib/java:."/>
    <property name="java.vm.info" value="mixed mode, sharing"/>
    <property name="java.vendor" value="Oracle Corporation"/>
    <property name="java.vm.version" value="16.0.2+7-67"/>
    <property name="sun.io.unicode.encoding" value="UnicodeBig"/>
    <property name="java.class.version" value="60.0"/>
  </properties>
  <testcase name="readExcelDataUsingIterator" classname="org.example.ReadExcelTest" time="0.008"/>
  <testcase name="readExcelUsingForLoop" classname="org.example.ReadExcelTest" time="0"/>
</testsuite>