<?xml version="1.0" encoding="UTF-8"?>
<!-- Generated by org.testng.reporters.JUnitReportReporter -->
<testsuite hostname="RINMAC1222" failures="0" tests="2" name="org.example.ReadExcelTest" time="0.010" errors="0" timestamp="06 Mar 2022 13:23:41 GMT" skipped="0">
  <testcase classname="org.example.ReadExcelTest" name="readExcelDataUsingIterator" time="0.009"/>
  <testcase classname="org.example.ReadExcelTest" name="readExcelUsingForLoop" time="0.001"/>
</testsuite> <!-- org.example.ReadExcelTest -->
