<?xml version="1.0" encoding="UTF-8"?>
<!-- Generated by org.testng.reporters.JUnitReportReporter -->
<testsuite hostname="RINMAC1222" failures="0" tests="2" name="org.example.ReadExcelTest" time="0.007" errors="0" timestamp="02 Mar 2022 16:07:47 GMT" skipped="0">
  <testcase classname="org.example.ReadExcelTest" name="readExcelUsigForLoop" time="0.001"/>
  <testcase classname="org.example.ReadExcelTest" name="readExcelDataUsingIterator" time="0.006"/>
</testsuite> <!-- org.example.ReadExcelTest -->
